<?xml version="1.0" encoding="UTF-8"?>
<!-- Generated by org.testng.reporters.JUnitXMLReporter -->
<testsuite hostname="DESKTOP-TOPC4IM" name="Default test" tests="4" failures="0" timestamp="10 Mar 2018 09:11:49 GMT" time="30.869" errors="0">
  <testcase name="searchTest" time="4.764" classname="tests.SmokeTest"/>
  <testcase name="searchTest" time="5.283" classname="tests.SmokeTest"/>
  <testcase name="searchTest" time="5.527" classname="tests.SmokeTest"/>
  <testcase name="searchTest" time="4.926" classname="tests.SmokeTest"/>
</testsuite> <!-- Default test -->
